<?xml version="1.0" encoding="UTF-8"?>
<coverage generated="1539834252">
  <project timestamp="1539834252">
    <package name="TS\Data\Tree">
      <file name="E:\dev\data-tree\src/AttributesTrait.php">
        <class name="AttributesTrait" namespace="TS\Data\Tree">
          <metrics complexity="7" methods="5" coveredmethods="5" conditionals="0" coveredconditionals="0" statements="8" coveredstatements="8" elements="13" coveredelements="13"/>
        </class>
        <line num="22" type="method" name="setAttribute" visibility="public" complexity="1" crap="1" count="20"/>
        <line num="23" type="stmt" count="20"/>
        <line num="25" type="stmt" count="20"/>
        <line num="35" type="method" name="hasAttribute" visibility="public" complexity="1" crap="1" count="3"/>
        <line num="36" type="stmt" count="3"/>
        <line num="47" type="method" name="getAttribute" visibility="public" complexity="2" crap="2" count="3"/>
        <line num="48" type="stmt" count="3"/>
        <line num="58" type="method" name="removeAttribute" visibility="public" complexity="2" crap="2" count="1"/>
        <line num="59" type="stmt" count="1"/>
        <line num="60" type="stmt" count="1"/>
        <line num="63" type="stmt" count="1"/>
        <line num="71" type="method" name="getAttributes" visibility="public" complexity="1" crap="1" count="7"/>
        <line num="72" type="stmt" count="7"/>
        <metrics loc="75" ncloc="36" classes="1" methods="5" coveredmethods="5" conditionals="0" coveredconditionals="0" statements="8" coveredstatements="8" elements="13" coveredelements="13"/>
      </file>
      <file name="E:\dev\data-tree\src/ChildrenTrait.php">
        <class name="ChildrenTrait" namespace="TS\Data\Tree">
          <metrics complexity="21" methods="9" coveredmethods="7" conditionals="0" coveredconditionals="0" statements="47" coveredstatements="45" elements="56" coveredelements="52"/>
        </class>
        <line num="27" type="method" name="getParent" visibility="public" complexity="2" crap="2" count="27"/>
        <line num="28" type="stmt" count="27"/>
        <line num="38" type="method" name="addChild" visibility="public" complexity="1" crap="1" count="27"/>
        <line num="39" type="stmt" count="27"/>
        <line num="41" type="stmt" count="27"/>
        <line num="55" type="method" name="insertChildAt" visibility="public" complexity="5" crap="5" count="27"/>
        <line num="56" type="stmt" count="27"/>
        <line num="57" type="stmt" count="1"/>
        <line num="58" type="stmt" count="1"/>
        <line num="60" type="stmt" count="27"/>
        <line num="61" type="stmt" count="1"/>
        <line num="63" type="stmt" count="27"/>
        <line num="64" type="stmt" count="1"/>
        <line num="68" type="stmt" count="27"/>
        <line num="69" type="stmt" count="27"/>
        <line num="70" type="stmt" count="27"/>
        <line num="71" type="stmt" count="27"/>
        <line num="72" type="stmt" count="27"/>
        <line num="73" type="stmt" count="27"/>
        <line num="75" type="stmt" count="27"/>
        <line num="80" type="stmt" count="27"/>
        <line num="81" type="stmt" count="27"/>
        <line num="84" type="stmt" count="27"/>
        <line num="96" type="method" name="removeChild" visibility="public" complexity="2" crap="2" count="3"/>
        <line num="97" type="stmt" count="3"/>
        <line num="98" type="stmt" count="1"/>
        <line num="99" type="stmt" count="1"/>
        <line num="101" type="stmt" count="2"/>
        <line num="103" type="stmt" count="2"/>
        <line num="113" type="method" name="remove" visibility="public" complexity="2" crap="2.03" count="2"/>
        <line num="114" type="stmt" count="2"/>
        <line num="115" type="stmt" count="2"/>
        <line num="116" type="stmt" count="0"/>
        <line num="118" type="stmt" count="2"/>
        <line num="120" type="stmt" count="2"/>
        <line num="132" type="method" name="removeChildAt" visibility="public" complexity="2" crap="2" count="5"/>
        <line num="133" type="stmt" count="5"/>
        <line num="136" type="stmt" count="4"/>
        <line num="137" type="stmt" count="4"/>
        <line num="138" type="stmt" count="4"/>
        <line num="141" type="stmt" count="4"/>
        <line num="142" type="stmt" count="4"/>
        <line num="145" type="stmt" count="4"/>
        <line num="155" type="method" name="getChildIndex" visibility="public" complexity="3" crap="3.14" count="5"/>
        <line num="156" type="stmt" count="5"/>
        <line num="157" type="stmt" count="5"/>
        <line num="158" type="stmt" count="0"/>
        <line num="161" type="stmt" count="5"/>
        <line num="173" type="method" name="getChildAt" visibility="public" complexity="3" crap="3" count="9"/>
        <line num="174" type="stmt" count="9"/>
        <line num="175" type="stmt" count="1"/>
        <line num="177" type="stmt" count="8"/>
        <line num="178" type="stmt" count="2"/>
        <line num="181" type="stmt" count="6"/>
        <line num="189" type="method" name="getChildren" visibility="public" complexity="1" crap="1" count="15"/>
        <line num="190" type="stmt" count="15"/>
        <metrics loc="193" ncloc="112" classes="1" methods="9" coveredmethods="7" conditionals="0" coveredconditionals="0" statements="47" coveredstatements="45" elements="56" coveredelements="52"/>
      </file>
      <file name="E:\dev\data-tree\src/LookupTrait.php">
        <class name="LookupTrait" namespace="TS\Data\Tree">
          <metrics complexity="35" methods="9" coveredmethods="9" conditionals="0" coveredconditionals="0" statements="40" coveredstatements="40" elements="49" coveredelements="49"/>
        </class>
        <line num="33" type="method" name="descendant" visibility="public" complexity="3" crap="3" count="2"/>
        <line num="34" type="stmt" count="2"/>
        <line num="35" type="stmt" count="2"/>
        <line num="38" type="stmt" count="1"/>
        <line num="48" type="method" name="ancestor" visibility="public" complexity="3" crap="3" count="1"/>
        <line num="49" type="stmt" count="1"/>
        <line num="50" type="stmt" count="1"/>
        <line num="53" type="stmt" count="1"/>
        <line num="63" type="method" name="child" visibility="public" complexity="3" crap="3" count="1"/>
        <line num="64" type="stmt" count="1"/>
        <line num="65" type="stmt" count="1"/>
        <line num="68" type="stmt" count="1"/>
        <line num="78" type="method" name="sibling" visibility="public" complexity="3" crap="3" count="1"/>
        <line num="79" type="stmt" count="1"/>
        <line num="80" type="stmt" count="1"/>
        <line num="83" type="stmt" count="1"/>
        <line num="93" type="method" name="children" visibility="public" complexity="3" crap="3" count="3"/>
        <line num="94" type="stmt" count="3"/>
        <line num="95" type="stmt" count="3"/>
        <line num="96" type="stmt" count="3"/>
        <line num="99" type="stmt" count="3"/>
        <line num="108" type="method" name="ancestors" visibility="public" complexity="4" crap="4" count="3"/>
        <line num="109" type="stmt" count="3"/>
        <line num="110" type="stmt" count="3"/>
        <line num="111" type="stmt" count="3"/>
        <line num="112" type="stmt" count="3"/>
        <line num="113" type="stmt" count="3"/>
        <line num="116" type="stmt" count="3"/>
        <line num="125" type="method" name="descendants" visibility="public" complexity="5" crap="5" count="4"/>
        <line num="126" type="stmt" count="4"/>
        <line num="127" type="stmt" count="4"/>
        <line num="128" type="stmt" count="4"/>
        <line num="130" type="stmt" count="4"/>
        <line num="131" type="stmt" count="4"/>
        <line num="134" type="stmt" count="4"/>
        <line num="143" type="method" name="siblings" visibility="public" complexity="6" crap="6" count="2"/>
        <line num="144" type="stmt" count="2"/>
        <line num="145" type="stmt" count="2"/>
        <line num="146" type="stmt" count="2"/>
        <line num="147" type="stmt" count="2"/>
        <line num="148" type="stmt" count="2"/>
        <line num="150" type="stmt" count="2"/>
        <line num="151" type="stmt" count="2"/>
        <line num="155" type="stmt" count="2"/>
        <line num="161" type="method" name="findRootNode" visibility="public" complexity="2" crap="2" count="2"/>
        <line num="162" type="stmt" count="2"/>
        <line num="163" type="stmt" count="2"/>
        <line num="164" type="stmt" count="2"/>
        <line num="167" type="stmt" count="2"/>
        <metrics loc="171" ncloc="97" classes="1" methods="9" coveredmethods="9" conditionals="0" coveredconditionals="0" statements="40" coveredstatements="40" elements="49" coveredelements="49"/>
      </file>
      <file name="E:\dev\data-tree\src/Node.php">
        <class name="TS\Data\Tree\Node" namespace="TS\Data\Tree">
          <metrics complexity="0" methods="0" coveredmethods="0" conditionals="0" coveredconditionals="0" statements="0" coveredstatements="0" elements="0" coveredelements="0"/>
        </class>
        <metrics loc="10" ncloc="10" classes="0" methods="0" coveredmethods="0" conditionals="0" coveredconditionals="0" statements="0" coveredstatements="0" elements="0" coveredelements="0"/>
      </file>
      <file name="E:\dev\data-tree\src/NodeTrait.php">
        <class name="NodeTrait" namespace="TS\Data\Tree">
          <metrics complexity="0" methods="0" coveredmethods="0" conditionals="0" coveredconditionals="0" statements="0" coveredstatements="0" elements="0" coveredelements="0"/>
        </class>
        <metrics loc="17" ncloc="13" classes="0" methods="0" coveredmethods="0" conditionals="0" coveredconditionals="0" statements="0" coveredstatements="0" elements="0" coveredelements="0"/>
      </file>
      <file name="E:\dev\data-tree\src/ToStringTrait.php">
        <class name="ToStringTrait" namespace="TS\Data\Tree">
          <metrics complexity="15" methods="4" coveredmethods="3" conditionals="0" coveredconditionals="0" statements="29" coveredstatements="28" elements="33" coveredelements="31"/>
        </class>
        <line num="19" type="method" name="__toString" visibility="public" complexity="3" crap="3" count="5"/>
        <line num="20" type="stmt" count="5"/>
        <line num="21" type="stmt" count="5"/>
        <line num="22" type="stmt" count="5"/>
        <line num="23" type="stmt" count="5"/>
        <line num="25" type="stmt" count="5"/>
        <line num="26" type="stmt" count="1"/>
        <line num="28" type="stmt" count="1"/>
        <line num="31" type="stmt" count="4"/>
        <line num="41" type="method" name="getShortClassName" visibility="protected" complexity="1" crap="1" count="5"/>
        <line num="42" type="stmt" count="5"/>
        <line num="44" type="stmt" count="5"/>
        <line num="52" type="method" name="arrayToLabel" visibility="protected" complexity="3" crap="3" count="1"/>
        <line num="53" type="stmt" count="1"/>
        <line num="55" type="stmt" count="1"/>
        <line num="56" type="stmt" count="1"/>
        <line num="57" type="stmt" count="1"/>
        <line num="61" type="stmt" count="1"/>
        <line num="63" type="stmt" count="1"/>
        <line num="71" type="method" name="varToLabel" visibility="protected" complexity="8" crap="8.03" count="1"/>
        <line num="72" type="stmt" count="1"/>
        <line num="73" type="stmt" count="1"/>
        <line num="74" type="stmt" count="1"/>
        <line num="75" type="stmt" count="1"/>
        <line num="76" type="stmt" count="1"/>
        <line num="77" type="stmt" count="1"/>
        <line num="78" type="stmt" count="1"/>
        <line num="79" type="stmt" count="1"/>
        <line num="80" type="stmt" count="1"/>
        <line num="81" type="stmt" count="1"/>
        <line num="82" type="stmt" count="1"/>
        <line num="83" type="stmt" count="1"/>
        <line num="86" type="stmt" count="0"/>
        <metrics loc="89" ncloc="63" classes="1" methods="4" coveredmethods="3" conditionals="0" coveredconditionals="0" statements="29" coveredstatements="28" elements="33" coveredelements="31"/>
      </file>
    </package>
    <file name="E:\dev\data-tree\src/INode.php">
      <metrics loc="20" ncloc="10" classes="0" methods="0" coveredmethods="0" conditionals="0" coveredconditionals="0" statements="0" coveredstatements="0" elements="0" coveredelements="0"/>
    </file>
    <package name="TS\Data\Tree\ProtectedAccess">
      <file name="E:\dev\data-tree\src/ProtectedAccess/AttributesTrait.php">
        <class name="AttributesTrait" namespace="TS\Data\Tree\ProtectedAccess">
          <metrics complexity="0" methods="0" coveredmethods="0" conditionals="0" coveredconditionals="0" statements="0" coveredstatements="0" elements="0" coveredelements="0"/>
        </class>
        <metrics loc="24" ncloc="20" classes="0" methods="0" coveredmethods="0" conditionals="0" coveredconditionals="0" statements="0" coveredstatements="0" elements="0" coveredelements="0"/>
      </file>
      <file name="E:\dev\data-tree\src/ProtectedAccess/ChildrenTrait.php">
        <class name="ChildrenTrait" namespace="TS\Data\Tree\ProtectedAccess">
          <metrics complexity="0" methods="0" coveredmethods="0" conditionals="0" coveredconditionals="0" statements="0" coveredstatements="0" elements="0" coveredelements="0"/>
        </class>
        <metrics loc="26" ncloc="22" classes="0" methods="0" coveredmethods="0" conditionals="0" coveredconditionals="0" statements="0" coveredstatements="0" elements="0" coveredelements="0"/>
      </file>
      <file name="E:\dev\data-tree\src/ProtectedAccess/LookupTrait.php">
        <class name="LookupTrait" namespace="TS\Data\Tree\ProtectedAccess">
          <metrics complexity="0" methods="0" coveredmethods="0" conditionals="0" coveredconditionals="0" statements="0" coveredstatements="0" elements="0" coveredelements="0"/>
        </class>
        <metrics loc="28" ncloc="24" classes="0" methods="0" coveredmethods="0" conditionals="0" coveredconditionals="0" statements="0" coveredstatements="0" elements="0" coveredelements="0"/>
      </file>
      <file name="E:\dev\data-tree\src/ProtectedAccess/Node.php">
        <class name="TS\Data\Tree\ProtectedAccess\Node" namespace="TS\Data\Tree\ProtectedAccess">
          <metrics complexity="0" methods="0" coveredmethods="0" conditionals="0" coveredconditionals="0" statements="0" coveredstatements="0" elements="0" coveredelements="0"/>
        </class>
        <metrics loc="10" ncloc="10" classes="0" methods="0" coveredmethods="0" conditionals="0" coveredconditionals="0" statements="0" coveredstatements="0" elements="0" coveredelements="0"/>
      </file>
      <file name="E:\dev\data-tree\src/ProtectedAccess/NodeTrait.php">
        <class name="NodeTrait" namespace="TS\Data\Tree\ProtectedAccess">
          <metrics complexity="0" methods="0" coveredmethods="0" conditionals="0" coveredconditionals="0" statements="0" coveredstatements="0" elements="0" coveredelements="0"/>
        </class>
        <metrics loc="16" ncloc="12" classes="0" methods="0" coveredmethods="0" conditionals="0" coveredconditionals="0" statements="0" coveredstatements="0" elements="0" coveredelements="0"/>
      </file>
    </package>
    <metrics files="12" loc="679" ncloc="429" classes="4" methods="27" coveredmethods="24" conditionals="0" coveredconditionals="0" statements="124" coveredstatements="121" elements="151" coveredelements="145"/>
  </project>
</coverage>
